<?xml version="1.0" encoding="UTF-8"?>
<!-- Generated by org.testng.reporters.JUnitReportReporter -->
<testsuite skipped="0" hostname="ATMECSINLT-002" name="com.cheapticket.testscript.OneWayFlightBooking" tests="3" failures="0" timestamp="06 Sep 2019 14:24:21 GMT" time="88.433" errors="0">
  <testcase name="openURL" time="0.138" classname="com.cheapticket.testscript.OneWayFlightBooking"/>
  <testcase name="bookTicket" time="44.969" classname="com.cheapticket.testscript.OneWayFlightBooking"/>
  <testcase name="bookTicket" time="43.326" classname="com.cheapticket.testscript.OneWayFlightBooking"/>
</testsuite> <!-- com.cheapticket.testscript.OneWayFlightBooking -->
